#
# A fatal error has been detected by the Java Runtime Environment:
#
#  Internal Error (safepoint.cpp:388), pid=30, tid=0x00000040185c2b38
#  guarantee(PageArmed == 0) failed: invariant
#
# JRE version: OpenJDK Runtime Environment (8.0_275-b01) (build 1.8.0_275-b01)
# Java VM: OpenJDK 64-Bit Server VM (25.275-b01 mixed mode linux-amd64 compressed oops)
# Derivative: IcedTea 3.17.1
# Distribution: Custom build (Mon Feb 15 17:52:28 UTC 2021)
# Failed to write core dump. Core dumps have been disabled. To enable core dumping, try "ulimit -c unlimited" before starting Java again
#
# If you would like to submit a bug report, please include
# instructions on how to reproduce the bug and visit:
#   https://icedtea.classpath.org/bugzilla
#

---------------  T H R E A D  ---------------

Current thread (0x00000040184be800):  VMThread [stack: 0x00000040184c2000,0x00000040185c2af8] [id=39]

Stack: [0x00000040184c2000,0x00000040185c2af8]

---------------  P R O C E S S  ---------------

Java Threads: ( => current thread )
  0x000000401e203000 JavaThread "process reaper" daemon [_thread_blocked, id=53, stack(0x000000401e466000,0x000000401e49faf8)]
  0x000000401a702000 JavaThread "Java2D Disposer" daemon [_thread_blocked, id=48, stack(0x000000401b0c9000,0x000000401b1c9af8)]
  0x000000401926f800 JavaThread "Service Thread" daemon [_thread_blocked, id=46, stack(0x0000004019579000,0x0000004019679af8)]
  0x000000401926f000 JavaThread "C1 CompilerThread2" daemon [_thread_blocked, id=45, stack(0x000000401937a000,0x000000401947aaf8)]
  0x000000401926e000 JavaThread "C2 CompilerThread1" daemon [_thread_blocked, id=44, stack(0x0000004019276000,0x0000004019376af8)]
  0x0000004019055800 JavaThread "C2 CompilerThread0" daemon [_thread_blocked, id=43, stack(0x000000401916c000,0x000000401926caf8)]
  0x0000004019054800 JavaThread "Signal Dispatcher" daemon [_thread_blocked, id=42, stack(0x000000401905a000,0x000000401915aaf8)]
  0x00000040188ce800 JavaThread "Finalizer" daemon [_thread_blocked, id=41, stack(0x00000040188d1000,0x00000040189d1af8)]
  0x0000004018748800 JavaThread "Reference Handler" daemon [_thread_blocked, id=40, stack(0x0000004018749000,0x0000004018849af8)]
  0x000000400251b800 JavaThread "main" [_thread_in_Java, id=34, stack(0x00000040023b7000,0x00000040024b7af8)]

Other Threads:
=>0x00000040184be800 VMThread [stack: 0x00000040184c2000,0x00000040185c2af8] [id=39]
  0x00000040184bf800 WatcherThread [stack: 0x000000401967c000,0x000000401977caf8] [id=47]

VM state:synchronizing (normal execution)

VM Mutex/Monitor currently owned by a thread:  ([mutex/lock_event])
[0x000000400250de90] Safepoint_lock - owner thread: 0x00000040184be800
[0x000000400250df10] Threads_lock - owner thread: 0x00000040184be800

heap address: 0x0000000085400000, size: 1964 MB, Compressed Oops mode: 32-bit
Narrow klass base: 0x0000000000000000, Narrow klass shift: 3
Compressed class space size: 1073741824 Address: 0x0000000100000000

Heap:
 PSYoungGen      total 36864K, used 29888K [0x00000000d7180000, 0x00000000d9a80000, 0x0000000100000000)
  eden space 31744K, 94% used [0x00000000d7180000,0x00000000d8eb0320,0x00000000d9080000)
  from space 5120K, 0% used [0x00000000d9580000,0x00000000d9580000,0x00000000d9a80000)
  to   space 5120K, 0% used [0x00000000d9080000,0x00000000d9080000,0x00000000d9580000)
 ParOldGen       total 84992K, used 0K [0x0000000085400000, 0x000000008a700000, 0x00000000d7180000)
  object space 84992K, 0% used [0x0000000085400000,0x0000000085400000,0x000000008a700000)
 Metaspace       used 11619K, capacity 11758K, committed 11904K, reserved 1060864K
  class space    used 1244K, capacity 1317K, committed 1408K, reserved 1048576K

Card table byte_map: [0x0000004011902000,0x0000004011cd9000] byte_map_base: 0x00000040114d8000

Marking Bits: (ParMarkBitMap*) 0x00000040021c9420
 Begin Bits: [0x000000401237d000, 0x000000401422d000)
 End Bits:   [0x000000401422d000, 0x00000040160dd000)

Polling page: 0x0000004002505000

CodeCache: size=245760Kb used=3449Kb max_used=3465Kb free=242310Kb
 bounds [0x000000400253a000, 0x00000040028aa000, 0x000000401153a000]
 total_blobs=1347 nmethods=890 adapters=371
 compilation: enabled

Compilation events (10 events):
Event: 4.787 Thread 0x000000401926f000 nmethod 889 0x0000004002895250 code [0x00000040028953c0, 0x0000004002895550]
Event: 4.787 Thread 0x000000401926f000  887       3       java.lang.StringCoding::safeTrim (24 bytes)
Event: 4.789 Thread 0x000000401926f000 nmethod 887 0x00000040028955d0 code [0x0000004002895760, 0x0000004002895c08]
Event: 4.789 Thread 0x000000401926f000  882       1       java.io.File::getPrefixLength (5 bytes)
Event: 4.789 Thread 0x000000401926f000 nmethod 882 0x0000004002895dd0 code [0x0000004002895f20, 0x0000004002896030]
Event: 4.789 Thread 0x000000401926f000  884       1       java.io.ExpiringCache::access$000 (5 bytes)
Event: 4.790 Thread 0x000000401926f000 nmethod 884 0x0000004002896090 code [0x00000040028961e0, 0x00000040028962d0]
Event: 4.790 Thread 0x000000401926f000  826       3       java.io.Writer::write (11 bytes)
Event: 4.790 Thread 0x000000401926f000 nmethod 826 0x0000004002896350 code [0x00000040028964c0, 0x00000040028967c8]
Event: 4.941 Thread 0x0000004019055800 nmethod 888% 0x000000400289aa90 code [0x000000400289ae60, 0x000000400289c350]

GC Heap History (0 events):
No events

Deoptimization events (10 events):
Event: 3.224 Thread 0x000000400251b800 Uncommon trap: reason=bimorphic action=maybe_recompile pc=0x00000040027e81a0 method=java.util.regex.Matcher.match(II)Z @ 86
Event: 3.312 Thread 0x000000400251b800 Uncommon trap: reason=unstable_if action=reinterpret pc=0x0000004002792414 method=java.util.regex.Pattern.compile()V @ 249
Event: 3.350 Thread 0x000000400251b800 Uncommon trap: reason=bimorphic action=maybe_recompile pc=0x000000400283c5d0 method=java.util.Collections$UnmodifiableCollection.size()I @ 4
Event: 3.351 Thread 0x000000400251b800 Uncommon trap: reason=bimorphic action=maybe_recompile pc=0x000000400283c5d0 method=java.util.Collections$UnmodifiableCollection.size()I @ 4
Event: 3.584 Thread 0x000000400251b800 Uncommon trap: reason=unstable_if action=reinterpret pc=0x00000040028106b4 method=java.util.regex.Pattern.sequence(Ljava/util/regex/Pattern$Node;)Ljava/util/regex/Pattern$Node; @ 144
Event: 3.586 Thread 0x000000400251b800 Uncommon trap: reason=unstable_if action=reinterpret pc=0x000000400283fc1c method=java.util.regex.Pattern$Curly.match(Ljava/util/regex/Matcher;ILjava/lang/CharSequence;)Z @ 45
Event: 3.586 Thread 0x000000400251b800 Uncommon trap: reason=bimorphic action=maybe_recompile pc=0x00000040028183cc method=java.util.regex.Pattern$CharProperty.match(Ljava/util/regex/Matcher;ILjava/lang/CharSequence;)Z @ 18
Event: 3.586 Thread 0x000000400251b800 Uncommon trap: reason=bimorphic action=maybe_recompile pc=0x00000040028183cc method=java.util.regex.Pattern$CharProperty.match(Ljava/util/regex/Matcher;ILjava/lang/CharSequence;)Z @ 18
Event: 3.586 Thread 0x000000400251b800 Uncommon trap: reason=bimorphic action=maybe_recompile pc=0x00000040028183cc method=java.util.regex.Pattern$CharProperty.match(Ljava/util/regex/Matcher;ILjava/lang/CharSequence;)Z @ 18
Event: 3.586 Thread 0x000000400251b800 Uncommon trap: reason=bimorphic action=maybe_recompile pc=0x00000040028183cc method=java.util.regex.Pattern$CharProperty.match(Ljava/util/regex/Matcher;ILjava/lang/CharSequence;)Z @ 18

Classes redefined (0 events):
No events

Internal exceptions (10 events):
Event: 0.951 Thread 0x000000400251b800 Exception <a 'java/security/PrivilegedActionException'> (0x00000000d7389080) thrown at [/home/buildozer/aports/community/openjdk8/src/icedtea-3.17.1/openjdk/hotspot/src/share/vm/prims/jvm.cpp, line 1520]
Event: 0.951 Thread 0x000000400251b800 Exception <a 'java/security/PrivilegedActionException'> (0x00000000d7389290) thrown at [/home/buildozer/aports/community/openjdk8/src/icedtea-3.17.1/openjdk/hotspot/src/share/vm/prims/jvm.cpp, line 1520]
Event: 0.951 Thread 0x000000400251b800 Exception <a 'java/security/PrivilegedActionException'> (0x00000000d738a2c8) thrown at [/home/buildozer/aports/community/openjdk8/src/icedtea-3.17.1/openjdk/hotspot/src/share/vm/prims/jvm.cpp, line 1520]
Event: 0.951 Thread 0x000000400251b800 Exception <a 'java/security/PrivilegedActionException'> (0x00000000d738a4d8) thrown at [/home/buildozer/aports/community/openjdk8/src/icedtea-3.17.1/openjdk/hotspot/src/share/vm/prims/jvm.cpp, line 1520]
Event: 1.266 Thread 0x000000400251b800 Exception <a 'java/lang/NoSuchFieldError': method resolution failed> (0x00000000d74c6d08) thrown at [/home/buildozer/aports/community/openjdk8/src/icedtea-3.17.1/openjdk/hotspot/src/share/vm/prims/methodHandles.cpp, line 1169]
Event: 1.275 Thread 0x000000400251b800 Exception <a 'java/lang/NoSuchFieldError': method resolution failed> (0x00000000d74d4428) thrown at [/home/buildozer/aports/community/openjdk8/src/icedtea-3.17.1/openjdk/hotspot/src/share/vm/prims/methodHandles.cpp, line 1169]
Event: 1.462 Thread 0x000000400251b800 Exception <a 'java/io/FileNotFoundException'> (0x00000000d75a2088) thrown at [/home/buildozer/aports/community/openjdk8/src/icedtea-3.17.1/openjdk/hotspot/src/share/vm/prims/jni.cpp, line 711]
Event: 1.462 Thread 0x000000400251b800 Exception <a 'java/io/FileNotFoundException'> (0x00000000d75a29f8) thrown at [/home/buildozer/aports/community/openjdk8/src/icedtea-3.17.1/openjdk/hotspot/src/share/vm/prims/jni.cpp, line 711]
Event: 1.524 Thread 0x000000400251b800 Exception <a 'java/lang/ClassNotFoundException': sun/dc/DuctusRenderingEngine> (0x00000000d75ad1e8) thrown at [/home/buildozer/aports/community/openjdk8/src/icedtea-3.17.1/openjdk/hotspot/src/share/vm/classfile/systemDictionary.cpp, line 217]
Event: 3.113 Thread 0x000000400251b800 Implicit null exception at 0x00000040026cc422 to 0x00000040026cc5ed

Events (10 events):
Event: 4.719 loading class sun/nio/cs/UTF_16$Decoder
Event: 4.720 loading class sun/nio/cs/UnicodeDecoder
Event: 4.720 loading class sun/nio/cs/UnicodeDecoder done
Event: 4.720 Executing VM operation: Deoptimize
Event: 4.720 Executing VM operation: Deoptimize done
Event: 4.720 loading class sun/nio/cs/UTF_16$Decoder done
Event: 4.744 loading class java/io/RandomAccessFile$1
Event: 4.744 loading class java/io/RandomAccessFile$1 done
Event: 4.767 loading class sun/font/SunFontManager$10
Event: 4.767 loading class sun/font/SunFontManager$10 done


Dynamic libraries:
00200000-002b5000 r--p 00000000 fe:01 2490396                            /usr/bin/qemu-x86_64
002c4000-00461000 r-xp 000b4000 fe:01 2490396                            /usr/bin/qemu-x86_64
00470000-004ab000 rw-p 00250000 fe:01 2490396                            /usr/bin/qemu-x86_64
004ba000-004cf000 rw-p 0028a000 fe:01 2490396                            /usr/bin/qemu-x86_64
004cf000-004ef000 rw-p 00000000 00:00 0 
0bee6000-0bee7000 ---p 00000000 00:00 0                                  [heap]
0bee7000-0bef5000 rw-p 00000000 00:00 0                                  [heap]
85400000-8a700000 rw-p 00000000 00:00 0 
8a700000-d7180000 ---p 00000000 00:00 0 
d7180000-d9a80000 rw-p 00000000 00:00 0 
d9a80000-100000000 ---p 00000000 00:00 0 
100000000-100160000 rw-p 00000000 00:00 0 
100160000-140000000 ---p 00000000 00:00 0 
4000000000-4000001000 r--p 00000000 fe:01 1316952                        /usr/lib/jvm/java-1.8-openjdk/jre/bin/java
4000001000-4000002000 r--p 00001000 fe:01 1316952                        /usr/lib/jvm/java-1.8-openjdk/jre/bin/java
4000002000-4000003000 r--p 00002000 fe:01 1316952                        /usr/lib/jvm/java-1.8-openjdk/jre/bin/java
4000003000-4000004000 r--p 00002000 fe:01 1316952                        /usr/lib/jvm/java-1.8-openjdk/jre/bin/java
4000004000-4000005000 rw-p 00003000 fe:01 1316952                        /usr/lib/jvm/java-1.8-openjdk/jre/bin/java
4000005000-4000006000 ---p 00000000 00:00 0 
4000006000-400001b000 rw-p 00000000 00:00 0 
4001005000-4001006000 ---p 00000000 00:00 0 
4001006000-4001806000 rw-p 00000000 00:00 0 
4001806000-400181b000 r--p 00000000 fe:01 920127                         /lib/ld-musl-x86_64.so.1
400181b000-4001863000 r--p 00015000 fe:01 920127                         /lib/ld-musl-x86_64.so.1
4001863000-4001899000 r--p 0005d000 fe:01 920127                         /lib/ld-musl-x86_64.so.1
4001899000-400189a000 r--p 00092000 fe:01 920127                         /lib/ld-musl-x86_64.so.1
400189a000-400189b000 rw-p 00093000 fe:01 920127                         /lib/ld-musl-x86_64.so.1
400189b000-40018a0000 rw-p 00000000 00:00 0 
40018a0000-40018a2000 r--p 00000000 fe:01 1316966                        /usr/lib/jvm/java-1.8-openjdk/jre/lib/amd64/jli/libjli.so
40018a2000-40018ab000 r--p 00002000 fe:01 1316966                        /usr/lib/jvm/java-1.8-openjdk/jre/lib/amd64/jli/libjli.so
40018ab000-40018ae000 r--p 0000b000 fe:01 1316966                        /usr/lib/jvm/java-1.8-openjdk/jre/lib/amd64/jli/libjli.so
40018ae000-40018af000 r--p 0000e000 fe:01 1316966                        /usr/lib/jvm/java-1.8-openjdk/jre/lib/amd64/jli/libjli.so
40018af000-40018b0000 r--p 0000e000 fe:01 1316966                        /usr/lib/jvm/java-1.8-openjdk/jre/lib/amd64/jli/libjli.so
40018b0000-40018b1000 rw-p 0000f000 fe:01 1316966                        /usr/lib/jvm/java-1.8-openjdk/jre/lib/amd64/jli/libjli.so
40018b1000-40018b4000 r--p 00000000 fe:01 920133                         /lib/libz.so.1.2.11
40018b4000-40018c2000 r--p 00003000 fe:01 920133                         /lib/libz.so.1.2.11
40018c2000-40018c9000 r--p 00011000 fe:01 920133                         /lib/libz.so.1.2.11
40018c9000-40018ca000 r--p 00017000 fe:01 920133                         /lib/libz.so.1.2.11
40018ca000-40018cb000 rw-p 00018000 fe:01 920133                         /lib/libz.so.1.2.11
40018cc000-4001ac5000 r--p 00000000 fe:01 1317005                        /usr/lib/jvm/java-1.8-openjdk/jre/lib/amd64/server/libjvm.so
4001ac5000-4001f0f000 r--p 001f9000 fe:01 1317005                        /usr/lib/jvm/java-1.8-openjdk/jre/lib/amd64/server/libjvm.so
4001f0f000-40020f2000 r--p 00643000 fe:01 1317005                        /usr/lib/jvm/java-1.8-openjdk/jre/lib/amd64/server/libjvm.so
40020f2000-400218a000 r--p 00825000 fe:01 1317005                        /usr/lib/jvm/java-1.8-openjdk/jre/lib/amd64/server/libjvm.so
400218a000-40021b3000 rw-p 008bd000 fe:01 1317005                        /usr/lib/jvm/java-1.8-openjdk/jre/lib/amd64/server/libjvm.so
40021b3000-40021e6000 rw-p 00000000 00:00 0 
40021e6000-400229d000 r--p 00000000 fe:01 1317300                        /usr/lib/libstdc++.so.6.0.28
400229d000-400232f000 r--p 000b7000 fe:01 1317300                        /usr/lib/libstdc++.so.6.0.28
400232f000-4002374000 r--p 00149000 fe:01 1317300                        /usr/lib/libstdc++.so.6.0.28
4002374000-4002375000 r--p 0018e000 fe:01 1317300                        /usr/lib/libstdc++.so.6.0.28
4002375000-4002384000 r--p 0018e000 fe:01 1317300                        /usr/lib/libstdc++.so.6.0.28
4002384000-4002385000 rw-p 0019d000 fe:01 1317300                        /usr/lib/libstdc++.so.6.0.28
4002385000-4002388000 rw-p 00000000 00:00 0 
4002388000-400238b000 r--p 00000000 fe:01 1317169                        /usr/lib/libgcc_s.so.1
400238b000-400239c000 r--p 00003000 fe:01 1317169                        /usr/lib/libgcc_s.so.1
400239c000-400239f000 r--p 00014000 fe:01 1317169                        /usr/lib/libgcc_s.so.1
400239f000-40023a0000 r--p 00017000 fe:01 1317169                        /usr/lib/libgcc_s.so.1
40023a0000-40023a1000 r--p 00017000 fe:01 1317169                        /usr/lib/libgcc_s.so.1
40023a1000-40023a2000 rw-p 00018000 fe:01 1317169                        /usr/lib/libgcc_s.so.1
40023a2000-40023b5000 rw-p 00000000 00:00 0 
40023b5000-40023b7000 ---p 00000000 00:00 0 
40023b7000-40023ba000 ---p 00000000 00:00 0 
40023ba000-40024b8000 rw-p 00000000 00:00 0 
40024bc000-40024bd000 rw-p 00000000 00:00 0 
40024bd000-40024c2000 r--p 00000000 fe:01 1317000                        /usr/lib/jvm/java-1.8-openjdk/jre/lib/amd64/libverify.so
40024c2000-40024c9000 r--p 00005000 fe:01 1317000                        /usr/lib/jvm/java-1.8-openjdk/jre/lib/amd64/libverify.so
40024c9000-40024cc000 r--p 0000c000 fe:01 1317000                        /usr/lib/jvm/java-1.8-openjdk/jre/lib/amd64/libverify.so
40024cc000-40024ce000 r--p 0000e000 fe:01 1317000                        /usr/lib/jvm/java-1.8-openjdk/jre/lib/amd64/libverify.so
40024ce000-40024cf000 rw-p 00010000 fe:01 1317000                        /usr/lib/jvm/java-1.8-openjdk/jre/lib/amd64/libverify.so
40024d6000-40024e3000 r--p 00000000 fe:01 1316982                        /usr/lib/jvm/java-1.8-openjdk/jre/lib/amd64/libjava.so
40024e3000-40024f9000 r--p 0000d000 fe:01 1316982                        /usr/lib/jvm/java-1.8-openjdk/jre/lib/amd64/libjava.so
40024f9000-4002501000 r--p 00023000 fe:01 1316982                        /usr/lib/jvm/java-1.8-openjdk/jre/lib/amd64/libjava.so
4002501000-4002502000 r--p 0002a000 fe:01 1316982                        /usr/lib/jvm/java-1.8-openjdk/jre/lib/amd64/libjava.so
4002502000-4002503000 rw-p 0002b000 fe:01 1316982                        /usr/lib/jvm/java-1.8-openjdk/jre/lib/amd64/libjava.so
4002503000-4002504000 rw-p 00000000 00:00 0 
4002505000-4002506000 ---p 00000000 00:00 0 
4002506000-4002507000 rw-p 00000000 00:00 0 
4002509000-4002510000 rw-p 00000000 00:00 0 
4002513000-400251b000 rw-s 00000000 fe:01 2360544                        /tmp/hsperfdata_root/30
400251b000-4002529000 rw-p 00000000 00:00 0 
400252c000-400252f000 r--p 00000000 fe:01 1317001                        /usr/lib/jvm/java-1.8-openjdk/jre/lib/amd64/libzip.so
400252f000-4002533000 r--p 00003000 fe:01 1317001                        /usr/lib/jvm/java-1.8-openjdk/jre/lib/amd64/libzip.so
4002533000-4002535000 r--p 00007000 fe:01 1317001                        /usr/lib/jvm/java-1.8-openjdk/jre/lib/amd64/libzip.so
4002535000-4002536000 r--p 00008000 fe:01 1317001                        /usr/lib/jvm/java-1.8-openjdk/jre/lib/amd64/libzip.so
4002536000-4002537000 rw-p 00009000 fe:01 1317001                        /usr/lib/jvm/java-1.8-openjdk/jre/lib/amd64/libzip.so
4002538000-400253a000 rw-p 00000000 00:00 0 
400253a000-400253b000 r-xp 00000000 00:00 0 
400253b000-400253f000 rw-p 00000000 00:00 0 
400253f000-4002540000 r-xp 00000000 00:00 0 
4002540000-4002541000 rw-p 00000000 00:00 0 
4002541000-4002544000 r-xp 00000000 00:00 0 
4002544000-400254b000 rw-p 00000000 00:00 0 
400254b000-4002550000 r-xp 00000000 00:00 0 
4002550000-4002551000 rw-p 00000000 00:00 0 
4002551000-4002563000 r-xp 00000000 00:00 0 
4002563000-400257f000 rw-p 00000000 00:00 0 
400257f000-4002582000 r-xp 00000000 00:00 0 
4002582000-4002583000 rwxp 00000000 00:00 0 
4002583000-4002587000 rw-p 00000000 00:00 0 
4002587000-400258e000 r-xp 00000000 00:00 0 
400258e000-4002592000 rw-p 00000000 00:00 0 
4002592000-4002595000 r-xp 00000000 00:00 0 
4002595000-400259b000 rw-p 00000000 00:00 0 
400259b000-400259c000 rwxp 00000000 00:00 0 
400259c000-40025a1000 r-xp 00000000 00:00 0 
40025a1000-40025a3000 rw-p 00000000 00:00 0 
40025a3000-40025a4000 r-xp 00000000 00:00 0 
40025a4000-40025a5000 rw-p 00000000 00:00 0 
40025a5000-40025a6000 r-xp 00000000 00:00 0 
40025a6000-40025a7000 rwxp 00000000 00:00 0 
40025a7000-4002633000 rw-p 00000000 00:00 0 
4002633000-4002634000 r-xp 00000000 00:00 0 
4002634000-4002635000 rw-p 00000000 00:00 0 
4002635000-4002639000 r-xp 00000000 00:00 0 
4002639000-4002640000 rw-p 00000000 00:00 0 
4002640000-4002649000 r-xp 00000000 00:00 0 
4002649000-400264a000 rw-p 00000000 00:00 0 
400264a000-400264b000 r-xp 00000000 00:00 0 
400264b000-400264c000 rwxp 00000000 00:00 0 
400264c000-4002657000 r-xp 00000000 00:00 0 
4002657000-4002658000 rw-p 00000000 00:00 0 
4002658000-400265a000 r-xp 00000000 00:00 0 
400265a000-400265e000 rw-p 00000000 00:00 0 
400265e000-4002663000 r-xp 00000000 00:00 0 
4002663000-4002664000 rwxp 00000000 00:00 0 
4002664000-4002667000 r-xp 00000000 00:00 0 
4002667000-4002668000 rw-p 00000000 00:00 0 
4002668000-4002676000 r-xp 00000000 00:00 0 
4002676000-4002677000 rw-p 00000000 00:00 0 
4002677000-4002680000 r-xp 00000000 00:00 0 
4002680000-4002681000 rwxp 00000000 00:00 0 
4002681000-4002684000 r-xp 00000000 00:00 0 
4002684000-4002685000 rwxp 00000000 00:00 0 
4002685000-4002686000 r-xp 00000000 00:00 0 
4002686000-4002688000 rwxp 00000000 00:00 0 
4002688000-400268f000 r-xp 00000000 00:00 0 
400268f000-4002690000 rw-p 00000000 00:00 0 
4002690000-40026a3000 r-xp 00000000 00:00 0 
40026a3000-40026a4000 rw-p 00000000 00:00 0 
40026a4000-40026ac000 r-xp 00000000 00:00 0 
40026ac000-40026af000 rw-p 00000000 00:00 0 
40026af000-40026b0000 r-xp 00000000 00:00 0 
40026b0000-40026b1000 rwxp 00000000 00:00 0 
40026b1000-40026b6000 r-xp 00000000 00:00 0 
40026b6000-40026b7000 rwxp 00000000 00:00 0 
40026b7000-40026c1000 r-xp 00000000 00:00 0 
40026c1000-40026c2000 rw-p 00000000 00:00 0 
40026c2000-40026cd000 r-xp 00000000 00:00 0 
40026cd000-40026d2000 rw-p 00000000 00:00 0 
40026d2000-40026d3000 r-xp 00000000 00:00 0 
40026d3000-40026d7000 rw-p 00000000 00:00 0 
40026d7000-40026d8000 r-xp 00000000 00:00 0 
40026d8000-40026d9000 rwxp 00000000 00:00 0 
40026d9000-40026db000 r-xp 00000000 00:00 0 
40026db000-40026de000 rw-p 00000000 00:00 0 
40026de000-40026e1000 r-xp 00000000 00:00 0 
40026e1000-40026e2000 rwxp 00000000 00:00 0 
40026e2000-40026e3000 rw-p 00000000 00:00 0 
40026e3000-40026f3000 r-xp 00000000 00:00 0 
40026f3000-40026f4000 rwxp 00000000 00:00 0 
40026f4000-4002711000 r-xp 00000000 00:00 0 
4002711000-4002713000 rw-p 00000000 00:00 0 
4002713000-400271a000 r-xp 00000000 00:00 0 
400271a000-400271c000 rwxp 00000000 00:00 0 
400271c000-4002723000 r-xp 00000000 00:00 0 
4002723000-4002725000 rw-p 00000000 00:00 0 
4002725000-4002728000 r-xp 00000000 00:00 0 
4002728000-4002729000 rw-p 00000000 00:00 0 
4002729000-400272b000 r-xp 00000000 00:00 0 
400272b000-400272f000 rw-p 00000000 00:00 0 
400272f000-4002731000 r-xp 00000000 00:00 0 
4002731000-4002732000 rwxp 00000000 00:00 0 
4002732000-4002742000 r-xp 00000000 00:00 0 
4002742000-4002743000 rw-p 00000000 00:00 0 
4002743000-400274e000 r-xp 00000000 00:00 0 
400274e000-400274f000 rwxp 00000000 00:00 0 
400274f000-4002752000 rw-p 00000000 00:00 0 
4002752000-4002753000 rwxp 00000000 00:00 0 
4002753000-4002754000 r-xp 00000000 00:00 0 
4002754000-4002755000 rw-p 00000000 00:00 0 
4002755000-400275c000 r-xp 00000000 00:00 0 
400275c000-400275d000 rw-p 00000000 00:00 0 
400275d000-4002773000 r-xp 00000000 00:00 0 
4002773000-4002774000 rw-p 00000000 00:00 0 
4002774000-4002778000 r-xp 00000000 00:00 0 
4002778000-400277a000 rw-p 00000000 00:00 0 
400277a000-400277d000 r-xp 00000000 00:00 0 
400277d000-400277e000 rw-p 00000000 00:00 0 
400277e000-4002799000 r-xp 00000000 00:00 0 
4002799000-400279a000 rw-p 00000000 00:00 0 
400279a000-400279e000 r-xp 00000000 00:00 0 
400279e000-400279f000 rw-p 00000000 00:00 0 
400279f000-40027a3000 r-xp 00000000 00:00 0 
40027a3000-40027a4000 rw-p 00000000 00:00 0 
40027a4000-40027a8000 r-xp 00000000 00:00 0 
40027a8000-40027aa000 rw-p 00000000 00:00 0 
40027aa000-40027b0000 r-xp 00000000 00:00 0 
40027b0000-40027b2000 rw-p 00000000 00:00 0 
40027b2000-40027b4000 rwxp 00000000 00:00 0 
40027b4000-40027bc000 r-xp 00000000 00:00 0 
40027bc000-40027bd000 rwxp 00000000 00:00 0 
40027bd000-40027bf000 r-xp 00000000 00:00 0 
40027bf000-40027c0000 rwxp 00000000 00:00 0 
40027c0000-40027c3000 r-xp 00000000 00:00 0 
40027c3000-40027c4000 rw-p 00000000 00:00 0 
40027c4000-40027d6000 r-xp 00000000 00:00 0 
40027d6000-40027d7000 rw-p 00000000 00:00 0 
40027d7000-40027e9000 r-xp 00000000 00:00 0 
40027e9000-40027eb000 rw-p 00000000 00:00 0 
40027eb000-40027ef000 r-xp 00000000 00:00 0 
40027ef000-40027f0000 rwxp 00000000 00:00 0 
40027f0000-40027f5000 r-xp 00000000 00:00 0 
40027f5000-40027f6000 rwxp 00000000 00:00 0 
40027f6000-4002805000 r-xp 00000000 00:00 0 
4002805000-4002806000 rwxp 00000000 00:00 0 
4002806000-4002808000 r-xp 00000000 00:00 0 
4002808000-400280a000 rwxp 00000000 00:00 0 
400280a000-4002811000 r-xp 00000000 00:00 0 
4002811000-4002812000 rwxp 00000000 00:00 0 
4002812000-400281a000 r-xp 00000000 00:00 0 
400281a000-400281b000 rw-p 00000000 00:00 0 
400281b000-400281f000 r-xp 00000000 00:00 0 
400281f000-4002821000 rwxp 00000000 00:00 0 
4002821000-4002827000 r-xp 00000000 00:00 0 
4002827000-4002828000 rw-p 00000000 00:00 0 
4002828000-400282b000 r-xp 00000000 00:00 0 
400282b000-400282c000 rw-p 00000000 00:00 0 
400282c000-400282d000 r-xp 00000000 00:00 0 
400282d000-4002830000 rw-p 00000000 00:00 0 
4002830000-4002831000 rwxp 00000000 00:00 0 
4002831000-4002839000 r-xp 00000000 00:00 0 
4002839000-400283a000 rwxp 00000000 00:00 0 
400283a000-4002842000 r-xp 00000000 00:00 0 
4002842000-4002843000 rwxp 00000000 00:00 0 
4002843000-400284a000 r-xp 00000000 00:00 0 
400284a000-400284d000 rw-p 00000000 00:00 0 
400284d000-4002850000 r-xp 00000000 00:00 0 
4002850000-4002854000 rw-p 00000000 00:00 0 
4002854000-4002855000 rwxp 00000000 00:00 0 
4002855000-4002859000 r-xp 00000000 00:00 0 
4002859000-400285a000 rwxp 00000000 00:00 0 
400285a000-400285e000 r-xp 00000000 00:00 0 
400285e000-400285f000 rwxp 00000000 00:00 0 
400285f000-4002864000 r-xp 00000000 00:00 0 
4002864000-4002869000 rw-p 00000000 00:00 0 
4002869000-400286c000 r-xp 00000000 00:00 0 
400286c000-400286e000 rw-p 00000000 00:00 0 
400286e000-400286f000 r-xp 00000000 00:00 0 
400286f000-4002870000 rwxp 00000000 00:00 0 
4002870000-4002872000 r-xp 00000000 00:00 0 
4002872000-4002884000 rw-p 00000000 00:00 0 
4002884000-4002894000 r-xp 00000000 00:00 0 
4002894000-40028aa000 rw-p 00000000 00:00 0 
40028aa000-401153a000 ---p 00000000 00:00 0 
401153a000-4011548000 rw-p 00000000 00:00 0 
4011548000-40118fa000 ---p 00000000 00:00 0 
40118fa000-401192c000 rw-p 00000000 00:00 0 
401192c000-4011b90000 ---p 00000000 00:00 0 
4011b90000-4011ba6000 rw-p 00000000 00:00 0 
4011ba6000-4011cd8000 ---p 00000000 00:00 0 
4011cd8000-4011d04000 rw-p 00000000 00:00 0 
4011d04000-4011f69000 ---p 00000000 00:00 0 
4011f69000-4011f70000 rw-p 00000000 00:00 0 
4011f70000-4011f71000 ---p 00000000 00:00 0 
4011f71000-4012075000 rw-p 00000000 00:00 0 
4012075000-4012076000 ---p 00000000 00:00 0 
4012076000-4012177000 rw-p 00000000 00:00 0 
4012177000-4012178000 ---p 00000000 00:00 0 
4012178000-401227b000 rw-p 00000000 00:00 0 
401227b000-401227c000 ---p 00000000 00:00 0 
401227c000-4016cda000 rw-p 00000000 00:00 0 
4016cda000-4016df2000 rw-p 00000000 00:00 0 
4016df2000-4016fc3000 r--s 01f8a000 fe:01 1317061                        /usr/lib/jvm/java-1.8-openjdk/jre/lib/rt.jar
4016fc3000-401701b000 rw-p 00000000 00:00 0 
4017026000-401702b000 rw-p 00000000 00:00 0 
4017036000-401703d000 rw-p 00000000 00:00 0 
401705e000-4017066000 rw-p 00000000 00:00 0 
40170be000-40170c5000 rw-p 00000000 00:00 0 
40171f9000-4017200000 rw-p 00000000 00:00 0 
4017237000-401723f000 rw-p 00000000 00:00 0 
4017276000-4017277000 rw-p 00000000 00:00 0 
40172ae000-40172b0000 rw-p 00000000 00:00 0 
401734a000-4017351000 rw-p 00000000 00:00 0 
40173de000-40173df000 rw-p 00000000 00:00 0 
4017400000-4017407000 rw-p 00000000 00:00 0 
40174ef000-40174f0000 rw-p 00000000 00:00 0 
4017502000-40184c1000 rw-p 00000000 00:00 0 
40184c1000-40184c2000 ---p 00000000 00:00 0 
40184c2000-40185c3000 rw-p 00000000 00:00 0 
40185d5000-40185dc000 rw-p 00000000 00:00 0 
40186d9000-40186db000 rw-p 00000000 00:00 0 
4018708000-4018709000 rw-p 00000000 00:00 0 
4018748000-4018749000 rw-p 00000000 00:00 0 
4018749000-401874c000 ---p 00000000 00:00 0 
401874c000-401884a000 rw-p 00000000 00:00 0 
4018853000-4018859000 rw-p 00000000 00:00 0 
4018886000-401888d000 rw-p 00000000 00:00 0 
40188ce000-40188d1000 rw-p 00000000 00:00 0 
40188d1000-40188d4000 ---p 00000000 00:00 0 
40188d4000-40189d5000 rw-p 00000000 00:00 0 
4018a0b000-4018a12000 rw-p 00000000 00:00 0 
4018a1b000-4018a1c000 rw-p 00000000 00:00 0 
4018b3f000-4018b47000 rw-p 00000000 00:00 0 
4018c60000-4018c61000 rw-p 00000000 00:00 0 
4018d7a000-4018d7b000 rw-p 00000000 00:00 0 
4018df9000-4018e09000 rw-p 00000000 00:00 0 
4018ea2000-4018ea3000 rw-p 00000000 00:00 0 
4018f16000-4018f1e000 rw-p 00000000 00:00 0 
4018f65000-4018f6d000 rw-p 00000000 00:00 0 
4018fb7000-4018fb8000 rw-p 00000000 00:00 0 
4019054000-401905a000 rw-p 00000000 00:00 0 
401905a000-401905d000 ---p 00000000 00:00 0 
401905d000-401915b000 rw-p 00000000 00:00 0 
401915b000-4019162000 r--s 0006e000 fe:01 1317046                        /usr/lib/jvm/java-1.8-openjdk/jre/lib/jfr.jar
401916b000-401916c000 ---p 00000000 00:00 0 
401916c000-401916f000 ---p 00000000 00:00 0 
401916f000-4019275000 rw-p 00000000 00:00 0 
4019275000-4019276000 ---p 00000000 00:00 0 
4019276000-4019279000 ---p 00000000 00:00 0 
4019279000-4019379000 rw-p 00000000 00:00 0 
4019379000-401937a000 ---p 00000000 00:00 0 
401937a000-401937d000 ---p 00000000 00:00 0 
401937d000-4019483000 rw-p 00000000 00:00 0 
4019497000-401949f000 rw-p 00000000 00:00 0 
40194b7000-40194c7000 rw-p 00000000 00:00 0 
40194d0000-40194d4000 rw-p 00000000 00:00 0 
40194dd000-40194de000 rw-p 00000000 00:00 0 
40194f0000-4019500000 rw-p 00000000 00:00 0 
4019512000-4019522000 rw-p 00000000 00:00 0 
4019546000-4019566000 rw-p 00000000 00:00 0 
4019578000-4019579000 rw-p 00000000 00:00 0 
4019579000-401957c000 ---p 00000000 00:00 0 
401957c000-401967b000 rw-p 00000000 00:00 0 
401967b000-401967c000 ---p 00000000 00:00 0 
401967c000-401977d000 rw-p 00000000 00:00 0 
40197bc000-40197cc000 rw-p 00000000 00:00 0 
40197f9000-40197fa000 rw-p 00000000 00:00 0 
4019815000-4019817000 rw-p 00000000 00:00 0 
4019871000-4019872000 r--s 00005000 fe:01 1716019                        /usr/lib/ruby/gems/2.7.0/gems/asciidoctor-diagram-2.2.1/lib/asciidoctor-diagram/util/server-1.3.20.jar
40198f9000-40198fa000 rw-p 00000000 00:00 0 
401992c000-401992e000 rw-p 00000000 00:00 0 
4019949000-4019952000 rw-p 00000000 00:00 0 
401999c000-40199a5000 rw-p 00000000 00:00 0 
4019a11000-4019a16000 rw-p 00000000 00:00 0 
4019a48000-4019a4a000 rw-p 00000000 00:00 0 
4019a5c000-4019a5d000 rw-p 00000000 00:00 0 
4019a6f000-4019a73000 rw-p 00000000 00:00 0 
4019a95000-4019a9c000 r--p 00000000 fe:01 1316995                        /usr/lib/jvm/java-1.8-openjdk/jre/lib/amd64/libnio.so
4019a9c000-4019aa4000 r--p 00007000 fe:01 1316995                        /usr/lib/jvm/java-1.8-openjdk/jre/lib/amd64/libnio.so
4019aa4000-4019aa8000 r--p 0000f000 fe:01 1316995                        /usr/lib/jvm/java-1.8-openjdk/jre/lib/amd64/libnio.so
4019aa8000-4019aa9000 r--p 00012000 fe:01 1316995                        /usr/lib/jvm/java-1.8-openjdk/jre/lib/amd64/libnio.so
4019aa9000-4019aaa000 rw-p 00013000 fe:01 1316995                        /usr/lib/jvm/java-1.8-openjdk/jre/lib/amd64/libnio.so
4019aaa000-4019aaf000 r--p 00000000 fe:01 1316994                        /usr/lib/jvm/java-1.8-openjdk/jre/lib/amd64/libnet.so
4019aaf000-4019abf000 r--p 00005000 fe:01 1316994                        /usr/lib/jvm/java-1.8-openjdk/jre/lib/amd64/libnet.so
4019abf000-4019ac4000 r--p 00015000 fe:01 1316994                        /usr/lib/jvm/java-1.8-openjdk/jre/lib/amd64/libnet.so
4019ac4000-4019ac5000 r--p 00019000 fe:01 1316994                        /usr/lib/jvm/java-1.8-openjdk/jre/lib/amd64/libnet.so
4019ac5000-4019ac6000 rw-p 0001a000 fe:01 1316994                        /usr/lib/jvm/java-1.8-openjdk/jre/lib/amd64/libnet.so
4019ac6000-4019afb000 rw-p 00000000 00:00 0 
4019b69000-4019b6e000 rw-p 00000000 00:00 0 
4019b77000-4019b87000 rw-p 00000000 00:00 0 
4019bb4000-4019bb5000 rw-p 00000000 00:00 0 
4019c45000-4019c46000 r--s 00000000 fe:01 1715928                        /usr/lib/ruby/gems/2.7.0/gems/asciidoctor-diagram-2.2.1/lib/asciidoctor-diagram/ditaa/ditaa-1.3.20.jar
4019c46000-4019c51000 rw-p 00000000 00:00 0 
4019c90000-4019c9b000 rw-p 00000000 00:00 0 
4019ca4000-4019cad000 rw-p 00000000 00:00 0 
4019caf000-4019cb4000 rw-p 00000000 00:00 0 
4019ce6000-4019ce8000 rw-p 00000000 00:00 0 
4019ddf000-4019de0000 rw-p 00000000 00:00 0 
4019de9000-4019deb000 r--s 00016000 fe:01 1716070                        /usr/lib/ruby/gems/2.7.0/gems/asciidoctor-diagram-ditaamini-1.0.1/lib/asciidoctor-diagram/ditaa/ditaamini-1.0.1.jar
4019deb000-4019df4000 rw-p 00000000 00:00 0 
4019df4000-4019df6000 r--s 00001000 fe:01 1715977                        /usr/lib/ruby/gems/2.7.0/gems/asciidoctor-diagram-2.2.1/lib/asciidoctor-diagram/plantuml/plantuml-1.3.20.jar
4019df6000-4019e19000 rw-p 00000000 00:00 0 
4019e3d000-4019e88000 r--s 003cd000 fe:01 1716078                        /usr/lib/ruby/gems/2.7.0/gems/asciidoctor-diagram-plantuml-1.2021.8/lib/asciidoctor-diagram/plantuml/batik-all-1.13.jar
4019e88000-4019ea1000 rw-p 00000000 00:00 0 
4019ea1000-4019ea3000 r--s 0002c000 fe:01 1716081                        /usr/lib/ruby/gems/2.7.0/gems/asciidoctor-diagram-plantuml-1.2021.8/lib/asciidoctor-diagram/plantuml/jlatexmath-font-cyrillic-1.0.7.jar
4019ea3000-4019eac000 rw-p 00000000 00:00 0 
4019eac000-4019eae000 r--s 0002d000 fe:01 1716082                        /usr/lib/ruby/gems/2.7.0/gems/asciidoctor-diagram-plantuml-1.2021.8/lib/asciidoctor-diagram/plantuml/jlatexmath-font-greek-1.0.7.jar
4019eae000-4019ebc000 rw-p 00000000 00:00 0 
4019ebc000-4019ec4000 r--s 0009c000 fe:01 1716080                        /usr/lib/ruby/gems/2.7.0/gems/asciidoctor-diagram-plantuml-1.2021.8/lib/asciidoctor-diagram/plantuml/jlatexmath-1.0.7.jar
4019ec4000-4019ed1000 rw-p 00000000 00:00 0 
4019ed1000-4019f2a000 r--s 00753000 fe:01 1716083                        /usr/lib/ruby/gems/2.7.0/gems/asciidoctor-diagram-plantuml-1.2021.8/lib/asciidoctor-diagram/plantuml/plantuml.jar
4019f2a000-4019f4a000 rw-p 00000000 00:00 0 
4019f65000-4019f66000 rw-p 00000000 00:00 0 
4019fae000-4019fee000 rw-p 00000000 00:00 0 
401a009000-401a049000 rw-p 00000000 00:00 0 
401a052000-401a0d2000 rw-p 00000000 00:00 0 
401a1be000-401a1bf000 rw-p 00000000 00:00 0 
401a1c3000-401a1c7000 rw-p 00000000 00:00 0 
401a1f3000-401a1f4000 rw-p 00000000 00:00 0 
401a20e000-401a212000 rw-p 00000000 00:00 0 
401a21f000-401a220000 rw-p 00000000 00:00 0 
401a23b000-401a23c000 rw-p 00000000 00:00 0 
401a288000-401a289000 rw-p 00000000 00:00 0 
401a349000-401a351000 rw-p 00000000 00:00 0 
401a35b000-401a36b000 rw-p 00000000 00:00 0 
401a377000-401a37b000 rw-p 00000000 00:00 0 
401a3f5000-401a422000 r--p 00000000 fe:01 1316969                        /usr/lib/jvm/java-1.8-openjdk/jre/lib/amd64/libawt.so
401a422000-401a48a000 r--p 0002d000 fe:01 1316969                        /usr/lib/jvm/java-1.8-openjdk/jre/lib/amd64/libawt.so
401a48a000-401a49b000 r--p 00095000 fe:01 1316969                        /usr/lib/jvm/java-1.8-openjdk/jre/lib/amd64/libawt.so
401a49b000-401a49c000 r--p 000a6000 fe:01 1316969                        /usr/lib/jvm/java-1.8-openjdk/jre/lib/amd64/libawt.so
401a49c000-401a49d000 r--p 000a6000 fe:01 1316969                        /usr/lib/jvm/java-1.8-openjdk/jre/lib/amd64/libawt.so
401a49d000-401a4a8000 rw-p 000a7000 fe:01 1316969                        /usr/lib/jvm/java-1.8-openjdk/jre/lib/amd64/libawt.so
401a4a8000-401a4cd000 rw-p 00000000 00:00 0 
401a50c000-401a50e000 rw-p 00000000 00:00 0 
401a517000-401a518000 rw-p 00000000 00:00 0 
401a5e8000-401a608000 rw-p 00000000 00:00 0 
401a63f000-401a640000 rw-p 00000000 00:00 0 
401a6c7000-401a6c8000 rw-p 00000000 00:00 0 
401a6d1000-401a6d3000 rw-p 00000000 00:00 0 
401a6f7000-401a704000 rw-p 00000000 00:00 0 
401a717000-401a718000 rw-p 00000000 00:00 0 
401a736000-401a737000 rw-p 00000000 00:00 0 
401a738000-401a739000 rw-p 00000000 00:00 0 
401a73c000-401a745000 rw-p 00000000 00:00 0 
401a748000-401a749000 rw-p 00000000 00:00 0 
401a74a000-401a74b000 rw-p 00000000 00:00 0 
401a756000-401a7d7000 rw-p 00000000 00:00 0 
401a7fc000-401a87c000 rw-p 00000000 00:00 0 
401a89e000-401a89f000 rw-p 00000000 00:00 0 
401a8b1000-401a8b4000 rw-p 00000000 00:00 0 
401a8c6000-401a8c7000 rw-p 00000000 00:00 0 
401a918000-401a919000 rw-p 00000000 00:00 0 
401a922000-401a925000 rw-p 00000000 00:00 0 
401a948000-401a94c000 rw-p 00000000 00:00 0 
401a95e000-401a95f000 rw-p 00000000 00:00 0 
401a9d4000-401a9d5000 rw-p 00000000 00:00 0 
401a9d7000-401a9da000 r--p 00000000 fe:01 1316970                        /usr/lib/jvm/java-1.8-openjdk/jre/lib/amd64/libawt_headless.so
401a9da000-401a9dd000 r--p 00003000 fe:01 1316970                        /usr/lib/jvm/java-1.8-openjdk/jre/lib/amd64/libawt_headless.so
401a9dd000-401a9df000 r--p 00006000 fe:01 1316970                        /usr/lib/jvm/java-1.8-openjdk/jre/lib/amd64/libawt_headless.so
401a9df000-401a9e0000 r--p 00007000 fe:01 1316970                        /usr/lib/jvm/java-1.8-openjdk/jre/lib/amd64/libawt_headless.so
401a9e0000-401a9e1000 rw-p 00008000 fe:01 1316970                        /usr/lib/jvm/java-1.8-openjdk/jre/lib/amd64/libawt_headless.so
401aaef000-401aaf0000 rw-p 00000000 00:00 0 
401ac07000-401ac08000 rw-p 00000000 00:00 0 
401ace9000-401acee000 rw-p 00000000 00:00 0 
401ad24000-401ad25000 rw-p 00000000 00:00 0 
401ad40000-401ad60000 rw-p 00000000 00:00 0 
401ae6e000-401ae6f000 rw-p 00000000 00:00 0 
401af08000-401af1b000 r--s 00103000 fe:01 1317060                        /usr/lib/jvm/java-1.8-openjdk/jre/lib/resources.jar
401af1b000-401af29000 rw-p 00000000 00:00 0 
401af83000-401af84000 rw-p 00000000 00:00 0 
401b09b000-401b09c000 rw-p 00000000 00:00 0 
401b0c9000-401b0cc000 ---p 00000000 00:00 0 
401b0cc000-401b1cb000 rw-p 00000000 00:00 0 
401b27c000-401b27d000 rw-p 00000000 00:00 0 
401b38b000-401b38c000 rw-p 00000000 00:00 0 
401b3dc000-401b3e4000 rw-p 00000000 00:00 0 
401b41a000-401b41b000 rw-p 00000000 00:00 0 
401b49b000-401b4a6000 rw-p 00000000 00:00 0 
401b4ae000-401b4af000 rw-p 00000000 00:00 0 
401b4b3000-401b4b4000 rw-p 00000000 00:00 0 
401b4bd000-401b4dd000 rw-p 00000000 00:00 0 
401b4de000-401b4df000 rw-p 00000000 00:00 0 
401b4e1000-401b4e3000 rw-p 00000000 00:00 0 
401b4fc000-401b504000 rw-p 00000000 00:00 0 
401b5b2000-401b5b3000 rw-p 00000000 00:00 0 
401b6c2000-401b6c3000 rw-p 00000000 00:00 0 
401b74c000-401b756000 rw-p 00000000 00:00 0 
401b768000-401b770000 rw-p 00000000 00:00 0 
401b790000-401b791000 rw-p 00000000 00:00 0 
401b7d3000-401b853000 rw-p 00000000 00:00 0 
401b8b7000-401b9b7000 rw-p 00000000 00:00 0 
401ba1d000-401bb1d000 rw-p 00000000 00:00 0 
401bc41000-401bc44000 rw-p 00000000 00:00 0 
401bc96000-401bc9e000 rw-p 00000000 00:00 0 
401bce1000-401bce9000 rw-p 00000000 00:00 0 
401bd03000-401bd05000 rw-p 00000000 00:00 0 
401bd34000-401bd35000 rw-p 00000000 00:00 0 
401bd3b000-401bd3d000 rw-p 00000000 00:00 0 
401bd57000-401bd6a000 rw-p 00000000 00:00 0 
401bd6e000-401bd72000 rw-p 00000000 00:00 0 
401bd85000-401bd89000 rw-p 00000000 00:00 0 
401bdc6000-401bdc8000 rw-p 00000000 00:00 0 
401bdef000-401bdf7000 rw-p 00000000 00:00 0 
401be7c000-401be7d000 rw-p 00000000 00:00 0 
401be88000-401be9a000 rw-p 00000000 00:00 0 
401beb3000-401beb4000 rw-p 00000000 00:00 0 
401beba000-401bec1000 rw-p 00000000 00:00 0 
401beca000-401becc000 rw-p 00000000 00:00 0 
401beda000-401bedc000 rw-p 00000000 00:00 0 
401bf5d000-401bf5e000 rw-p 00000000 00:00 0 
401bf66000-401bf6e000 rw-p 00000000 00:00 0 
401bf8e000-401bf90000 rw-p 00000000 00:00 0 
401bfa0000-401bfa4000 rw-p 00000000 00:00 0 
401bfb9000-401bfd9000 rw-p 00000000 00:00 0 
401bfe6000-401bfe7000 rw-p 00000000 00:00 0 
401c039000-401c03a000 rw-p 00000000 00:00 0 
401c04d000-401c04e000 rw-p 00000000 00:00 0 
401c079000-401c089000 rw-p 00000000 00:00 0 
401c0b3000-401c0b5000 rw-p 00000000 00:00 0 
401c135000-401c136000 rw-p 00000000 00:00 0 
401c18e000-401c198000 rw-p 00000000 00:00 0 
401c29f000-401c2a0000 rw-p 00000000 00:00 0 
401c333000-401c33b000 rw-p 00000000 00:00 0 
401c4d1000-401c4d2000 rw-p 00000000 00:00 0 
401c7aa000-401c7ac000 rw-p 00000000 00:00 0 
401c911000-401c912000 rw-p 00000000 00:00 0 
401ca0f000-401ca10000 rw-p 00000000 00:00 0 
401ca19000-401ca1a000 rw-p 00000000 00:00 0 
401cadf000-401cae0000 rw-p 00000000 00:00 0 
401cb4f000-401cb51000 rw-p 00000000 00:00 0 
401cbe0000-401cbe2000 rw-p 00000000 00:00 0 
401cc09000-401cc0a000 rw-p 00000000 00:00 0 
401cc30000-401cc31000 rw-p 00000000 00:00 0 
401cc55000-401cc58000 rw-p 00000000 00:00 0 
401cc7c000-401cc7d000 rw-p 00000000 00:00 0 
401cfe7000-401cfe8000 rw-p 00000000 00:00 0 
401d065000-401d06d000 rw-p 00000000 00:00 0 
401d0fa000-401d0fb000 rw-p 00000000 00:00 0 
401d33d000-401d33e000 rw-p 00000000 00:00 0 
401d42a000-401d42b000 rw-p 00000000 00:00 0 
401d666000-401d667000 rw-p 00000000 00:00 0 
401d768000-401d769000 rw-p 00000000 00:00 0 
401d823000-401d837000 rw-p 00000000 00:00 0 
401d840000-401d842000 rw-p 00000000 00:00 0 
401d850000-401d851000 rw-p 00000000 00:00 0 
401d892000-401d8d2000 rw-p 00000000 00:00 0 
401d8e4000-401dae4000 rw-p 00000000 00:00 0 
401daef000-401daf0000 rw-p 00000000 00:00 0 
401db38000-401db39000 rw-p 00000000 00:00 0 
401db81000-401db89000 rw-p 00000000 00:00 0 
401ddad000-401ddae000 rw-p 00000000 00:00 0 
401de03000-401de05000 rw-p 00000000 00:00 0 
401de23000-401de25000 rw-p 00000000 00:00 0 
401df01000-401df02000 rw-p 00000000 00:00 0 
401dfc9000-401dfcb000 rw-p 00000000 00:00 0 
401dfff000-401e007000 rw-p 00000000 00:00 0 
401e06a000-401e06b000 rw-p 00000000 00:00 0 
401e131000-401e132000 rw-p 00000000 00:00 0 
401e148000-401e149000 rw-p 00000000 00:00 0 
401e16c000-401e16d000 rw-p 00000000 00:00 0 
401e1a2000-401e1a3000 rw-p 00000000 00:00 0 
401e1b5000-401e1b6000 rw-p 00000000 00:00 0 
401e1d4000-401e1d5000 rw-p 00000000 00:00 0 
401e202000-401e20a000 rw-p 00000000 00:00 0 
401e362000-401e363000 rw-p 00000000 00:00 0 
401e36c000-401e374000 rw-p 00000000 00:00 0 
401e3e0000-401e3e5000 rw-p 00000000 00:00 0 
401e436000-401e437000 rw-p 00000000 00:00 0 
401e449000-401e44b000 rw-p 00000000 00:00 0 
401e466000-401e469000 ---p 00000000 00:00 0 
401e469000-401e4a0000 rw-p 00000000 00:00 0 
401e6a2000-401e6a8000 rw-p 00000000 00:00 0 
401e6d9000-401e6db000 rw-p 00000000 00:00 0 
401e6f6000-401e6f7000 rw-p 00000000 00:00 0 
401e7ac000-401e7b3000 r--p 00000000 fe:01 1316973                        /usr/lib/jvm/java-1.8-openjdk/jre/lib/amd64/libfontmanager.so
401e7b3000-401e7e1000 r--p 00007000 fe:01 1316973                        /usr/lib/jvm/java-1.8-openjdk/jre/lib/amd64/libfontmanager.so
401e7e1000-401e7ff000 r--p 00035000 fe:01 1316973                        /usr/lib/jvm/java-1.8-openjdk/jre/lib/amd64/libfontmanager.so
401e7ff000-401e802000 r--p 00052000 fe:01 1316973                        /usr/lib/jvm/java-1.8-openjdk/jre/lib/amd64/libfontmanager.so
401e802000-401e803000 rw-p 00055000 fe:01 1316973                        /usr/lib/jvm/java-1.8-openjdk/jre/lib/amd64/libfontmanager.so
401e803000-401e810000 r--p 00000000 fe:01 1317166                        /usr/lib/libfreetype.so.6.17.4
401e810000-401e878000 r--p 0000d000 fe:01 1317166                        /usr/lib/libfreetype.so.6.17.4
401e878000-401e8ae000 r--p 00075000 fe:01 1317166                        /usr/lib/libfreetype.so.6.17.4
401e8ae000-401e8af000 r--p 000ab000 fe:01 1317166                        /usr/lib/libfreetype.so.6.17.4
401e8af000-401e8b6000 r--p 000ab000 fe:01 1317166                        /usr/lib/libfreetype.so.6.17.4
401e8b6000-401e8b7000 rw-p 000b2000 fe:01 1317166                        /usr/lib/libfreetype.so.6.17.4
401e8b7000-401e8b9000 r--p 00000000 fe:01 1317143                        /usr/lib/libbz2.so.1.0.8
401e8b9000-401e8c2000 r--p 00002000 fe:01 1317143                        /usr/lib/libbz2.so.1.0.8
401e8c2000-401e8c4000 r--p 0000b000 fe:01 1317143                        /usr/lib/libbz2.so.1.0.8
401e8c4000-401e8c5000 r--p 0000c000 fe:01 1317143                        /usr/lib/libbz2.so.1.0.8
401e8c5000-401e8c6000 rw-p 0000d000 fe:01 1317143                        /usr/lib/libbz2.so.1.0.8
401e8c6000-401e8cc000 r--p 00000000 fe:01 1317285                        /usr/lib/libpng16.so.16.37.0
401e8cc000-401e8e9000 r--p 00006000 fe:01 1317285                        /usr/lib/libpng16.so.16.37.0
401e8e9000-401e8f4000 r--p 00023000 fe:01 1317285                        /usr/lib/libpng16.so.16.37.0
401e8f4000-401e8f5000 r--p 0002e000 fe:01 1317285                        /usr/lib/libpng16.so.16.37.0
401e8f5000-401e8f6000 r--p 0002e000 fe:01 1317285                        /usr/lib/libpng16.so.16.37.0
401e8f6000-401e8f7000 rw-p 0002f000 fe:01 1317285                        /usr/lib/libpng16.so.16.37.0
401e8f7000-401e8f8000 r--p 00000000 fe:01 1317137                        /usr/lib/libbrotlidec.so.1.0.9
401e8f8000-401e8ff000 r--p 00001000 fe:01 1317137                        /usr/lib/libbrotlidec.so.1.0.9
401e8ff000-401e902000 r--p 00008000 fe:01 1317137                        /usr/lib/libbrotlidec.so.1.0.9
401e902000-401e903000 r--p 0000a000 fe:01 1317137                        /usr/lib/libbrotlidec.so.1.0.9
401e903000-401e904000 rw-p 0000b000 fe:01 1317137                        /usr/lib/libbrotlidec.so.1.0.9
401e904000-401e905000 r--p 00000000 fe:01 1317135                        /usr/lib/libbrotlicommon.so.1.0.9
401e905000-401e906000 r--p 00001000 fe:01 1317135                        /usr/lib/libbrotlicommon.so.1.0.9
401e906000-401e925000 r--p 00002000 fe:01 1317135                        /usr/lib/libbrotlicommon.so.1.0.9
401e925000-401e926000 r--p 00020000 fe:01 1317135                        /usr/lib/libbrotlicommon.so.1.0.9
401e926000-401e927000 rw-p 00021000 fe:01 1317135                        /usr/lib/libbrotlicommon.so.1.0.9
401e931000-401e932000 rw-p 00000000 00:00 0 
401ea9e000-401ea9f000 rw-p 00000000 00:00 0 
401eb02000-401eb12000 rw-p 00000000 00:00 0 
401eb63000-401eb6a000 r--p 00000000 fe:01 1317159                        /usr/lib/libfontconfig.so.1.12.0
401eb6a000-401eb86000 r--p 00007000 fe:01 1317159                        /usr/lib/libfontconfig.so.1.12.0
401eb86000-401eb9d000 r--p 00023000 fe:01 1317159                        /usr/lib/libfontconfig.so.1.12.0
401eb9d000-401eb9f000 r--p 00039000 fe:01 1317159                        /usr/lib/libfontconfig.so.1.12.0
401eb9f000-401eba0000 rw-p 0003b000 fe:01 1317159                        /usr/lib/libfontconfig.so.1.12.0
401eba0000-401eba4000 r--p 00000000 fe:01 1317155                        /usr/lib/libexpat.so.1.6.12
401eba4000-401ebb8000 r--p 00004000 fe:01 1317155                        /usr/lib/libexpat.so.1.6.12
401ebb8000-401ebbf000 r--p 00018000 fe:01 1317155                        /usr/lib/libexpat.so.1.6.12
401ebbf000-401ebc0000 r--p 0001f000 fe:01 1317155                        /usr/lib/libexpat.so.1.6.12
401ebc0000-401ebc2000 r--p 0001f000 fe:01 1317155                        /usr/lib/libexpat.so.1.6.12
401ebc2000-401ebc3000 rw-p 00021000 fe:01 1317155                        /usr/lib/libexpat.so.1.6.12
401ebc3000-401ebc5000 rw-p 00000000 00:00 0 
401ebc5000-401ebc7000 r--p 00000000 fe:01 1316741                        /lib/libuuid.so.1.3.0
401ebc7000-401ebcb000 r--p 00002000 fe:01 1316741                        /lib/libuuid.so.1.3.0
401ebcb000-401ebcc000 r--p 00006000 fe:01 1316741                        /lib/libuuid.so.1.3.0
401ebcc000-401ebcd000 r--p 00006000 fe:01 1316741                        /lib/libuuid.so.1.3.0
401ebcd000-401ebce000 rw-p 00007000 fe:01 1316741                        /lib/libuuid.so.1.3.0
401ebea000-401ebf2000 rw-p 00000000 00:00 0 
401ebfe000-401ec0a000 rw-p 00000000 00:00 0 
401ec25000-401ec27000 rw-p 00000000 00:00 0 
401ec40000-401ec48000 rw-p 00000000 00:00 0 
401f529000-401f556000 rw-p 00000000 00:00 0 
404b5de000-404b5ee000 rw-p 00000000 00:00 0 
404da2e000-404da44000 rw-p 00000000 00:00 0 
404e4fa000-404e504000 rw-p 00000000 00:00 0 
404e518000-404e52f000 rw-p 00000000 00:00 0 
404e543000-404e554000 rw-p 00000000 00:00 0 
404e56c000-404e576000 rw-p 00000000 00:00 0 
404e57a000-404e57c000 rw-p 00000000 00:00 0 
404e57e000-404e586000 rw-p 00000000 00:00 0 
404e5a3000-404e5a4000 rw-p 00000000 00:00 0 
404e5a6000-404e5ae000 rw-p 00000000 00:00 0 
404e5b0000-404e5b6000 rw-p 00000000 00:00 0 
404e5ba000-404e5c2000 rw-p 00000000 00:00 0 
404e5d2000-404e5e4000 rw-p 00000000 00:00 0 
404e5e6000-404e5f6000 rw-p 00000000 00:00 0 
404e612000-404e624000 rw-p 00000000 00:00 0 
404e631000-404e63a000 rw-p 00000000 00:00 0 
404e642000-404e64a000 rw-p 00000000 00:00 0 
404e64e000-404e65c000 rw-p 00000000 00:00 0 
404e67c000-404e686000 rw-p 00000000 00:00 0 
404e688000-404e692000 rw-p 00000000 00:00 0 
404e69e000-404e6c0000 rw-p 00000000 00:00 0 
404e6cc000-404e6d8000 rw-p 00000000 00:00 0 
404e6f1000-404e6fa000 rw-p 00000000 00:00 0 
404e6fc000-404e70e000 rw-p 00000000 00:00 0 
404e77a000-404e77b000 rw-p 00000000 00:00 0 
404e7f0000-404e801000 r--s 000f2000 fe:01 1317047                        /usr/lib/jvm/java-1.8-openjdk/jre/lib/jsse.jar
404e8c4000-404e8c5000 rw-p 00000000 00:00 0 
404e9d9000-404e9da000 rw-p 00000000 00:00 0 
404e9f7000-404ea37000 rw-p 00000000 00:00 0 
404ea5b000-404ea64000 rw-p 00000000 00:00 0 
404eaeb000-404eaec000 rw-p 00000000 00:00 0 
404eb73000-404ebb3000 rw-p 00000000 00:00 0 
404ebb3000-404ed73000 ---p 00000000 00:00 0 
404ee0e000-404ee0f000 rw-p 00000000 00:00 0 
404ef3c000-404ef40000 rw-p 00000000 00:00 0 
404ef5f000-404ef63000 rw-p 00000000 00:00 0 
ffff8c523000-ffff8caf0000 rw-p 00000000 00:00 0 
ffff8caf4000-ffff8cb24000 rw-p 00000000 00:00 0 
ffff8cb27000-ffff8cb6f000 rw-p 00000000 00:00 0 
ffff8cb71000-ffff8cbe1000 rw-p 00000000 00:00 0 
ffff8cbe1000-ffff8cbe3000 ---p 00000000 00:00 0 
ffff8cbe3000-ffff8cc5c000 rw-p 00000000 00:00 0 
ffff8cc5f000-ffff8d771000 rw-p 00000000 00:00 0 
ffff8d773000-ffff8d77b000 rw-p 00000000 00:00 0 
ffff8d77c000-ffff8d784000 rw-p 00000000 00:00 0 
ffff8d785000-ffff8d78d000 rw-p 00000000 00:00 0 
ffff8d78e000-ffff8d796000 rw-p 00000000 00:00 0 
ffff8d797000-ffff8d79f000 rw-p 00000000 00:00 0 
ffff8d7a0000-ffff8d7a8000 rw-p 00000000 00:00 0 
ffff8d7a9000-ffff8d7b1000 rw-p 00000000 00:00 0 
ffff8d7b2000-ffff8d7ba000 rw-p 00000000 00:00 0 
ffff8d7bb000-ffff8d7c3000 rw-p 00000000 00:00 0 
ffff8d7c4000-ffff8d7d4000 rw-p 00000000 00:00 0 
ffff8d7d5000-ffff8d7dd000 rw-p 00000000 00:00 0 
ffff8d7de000-ffff8d7e6000 rw-p 00000000 00:00 0 
ffff8d7e7000-ffff8d7ef000 rw-p 00000000 00:00 0 
ffff8d7f0000-ffff8d7f8000 rw-p 00000000 00:00 0 
ffff8d7f9000-ffff8d801000 rw-p 00000000 00:00 0 
ffff8d802000-ffff8d80a000 rw-p 00000000 00:00 0 
ffff8d80b000-ffff8d813000 rw-p 00000000 00:00 0 
ffff8d814000-ffff8d81c000 rw-p 00000000 00:00 0 
ffff8d81d000-ffff8d82d000 rw-p 00000000 00:00 0 
ffff8d82e000-ffff8d836000 rw-p 00000000 00:00 0 
ffff8d837000-ffff8d83f000 rw-p 00000000 00:00 0 
ffff8d840000-ffff8d848000 rw-p 00000000 00:00 0 
ffff8d849000-ffff8d851000 rw-p 00000000 00:00 0 
ffff8d852000-ffff8d85a000 rw-p 00000000 00:00 0 
ffff8d85b000-ffff8d863000 rw-p 00000000 00:00 0 
ffff8d865000-ffff8d86d000 rw-p 00000000 00:00 0 
ffff8d86e000-ffff8d87e000 rw-p 00000000 00:00 0 
ffff8d87f000-ffff8d887000 rw-p 00000000 00:00 0 
ffff8d888000-ffff8d890000 rw-p 00000000 00:00 0 
ffff8d891000-ffff8d899000 rw-p 00000000 00:00 0 
ffff8d89a000-ffff8d8a2000 rw-p 00000000 00:00 0 
ffff8d8a3000-ffff8d8ab000 rw-p 00000000 00:00 0 
ffff8d8ac000-ffff8d8b4000 rw-p 00000000 00:00 0 
ffff8d8b5000-ffff8d8bd000 rw-p 00000000 00:00 0 
ffff8d8be000-ffff8dba9000 rw-p 00000000 00:00 0 
ffff8dba9000-ffff8dcc1000 rw-p 00000000 00:00 0 
ffff8dcc1000-ffff8dcc3000 ---p 00000000 00:00 0 
ffff8dcc3000-ffff8ddcb000 rw-p 00000000 00:00 0 
ffff8ddcb000-ffff8ddcd000 ---p 00000000 00:00 0 
ffff8ddcd000-ffff8de22000 rw-p 00000000 00:00 0 
ffff8de22000-ffff8de24000 ---p 00000000 00:00 0 
ffff8de24000-ffff8defa000 rw-p 00000000 00:00 0 
ffff8defa000-ffff8defc000 ---p 00000000 00:00 0 
ffff8defc000-ffff8df69000 rw-p 00000000 00:00 0 
ffff8df69000-ffff8df6b000 ---p 00000000 00:00 0 
ffff8df6b000-ffff8dfac000 rw-p 00000000 00:00 0 
ffff8dfac000-ffff8dfae000 ---p 00000000 00:00 0 
ffff8dfae000-ffff8e027000 rw-p 00000000 00:00 0 
ffff8e027000-ffff8e029000 ---p 00000000 00:00 0 
ffff8e029000-ffff8e0e2000 rw-p 00000000 00:00 0 
ffff8e0e2000-ffff8e0e4000 ---p 00000000 00:00 0 
ffff8e0e4000-ffff8e163000 rw-p 00000000 00:00 0 
ffff8e163000-ffff8e165000 ---p 00000000 00:00 0 
ffff8e165000-ffff8e1fd000 rw-p 00000000 00:00 0 
ffff8e1fd000-ffff8e1ff000 ---p 00000000 00:00 0 
ffff8e1ff000-ffff8ec07000 rw-p 00000000 00:00 0 
ffff8ec07000-ffff8ec09000 ---p 00000000 00:00 0 
ffff8ec09000-ffff8ec51000 rw-p 00000000 00:00 0 
ffff8ec51000-ffff8ec53000 ---p 00000000 00:00 0 
ffff8ec53000-ffff8ecaa000 rw-p 00000000 00:00 0 
ffff8ecaa000-ffff8ecac000 ---p 00000000 00:00 0 
ffff8ecac000-ffff8ed00000 rw-p 00000000 00:00 0 
ffff8ed00000-ffff8ed02000 ---p 00000000 00:00 0 
ffff8ed02000-ffff8fc5d000 rw-p 00000000 00:00 0 
ffff8fc5d000-ffff8fc5f000 ---p 00000000 00:00 0 
ffff8fc5f000-ffff8fdb0000 rw-p 00000000 00:00 0 
ffff8fdb0000-ffff97daf000 rwxp 00000000 00:00 0 
ffff97daf000-ffff97db0000 ---p 00000000 00:00 0 
ffff97db0000-ffff97edb000 rw-p 00000000 00:00 0 
ffff97edb000-ffff97edd000 ---p 00000000 00:00 0 
ffff97edd000-ffff97f00000 rw-p 00000000 00:00 0 
ffff97f00000-ffff97f02000 r--p 00000000 00:00 0                          [vvar]
ffff97f02000-ffff97f03000 r-xp 00000000 00:00 0                          [vdso]
ffffd2bbe000-ffffd2bdf000 rw-p 00000000 00:00 0                          [stack]

VM Arguments:
jvm_args: -Djava.awt.headless=true -Djava.net.useSystemProxies=true -Dfile.encoding=UTF-8 
java_command: org.asciidoctor.diagram.StdInOutCommandServer
java_class_path (initial): /usr/lib/ruby/gems/2.7.0/gems/asciidoctor-diagram-2.2.1/lib/asciidoctor-diagram/util/server-1.3.20.jar:/usr/lib/ruby/gems/2.7.0/gems/asciidoctor-diagram-2.2.1/lib/asciidoctor-diagram/ditaa/ditaa-1.3.20.jar:/usr/lib/ruby/gems/2.7.0/gems/asciidoctor-diagram-ditaamini-1.0.1/lib/asciidoctor-diagram/ditaa/ditaamini-1.0.1.jar:/usr/lib/ruby/gems/2.7.0/gems/asciidoctor-diagram-2.2.1/lib/asciidoctor-diagram/plantuml/plantuml-1.3.20.jar:/usr/lib/ruby/gems/2.7.0/gems/asciidoctor-diagram-plantuml-1.2021.8/lib/asciidoctor-diagram/plantuml/batik-all-1.13.jar:/usr/lib/ruby/gems/2.7.0/gems/asciidoctor-diagram-plantuml-1.2021.8/lib/asciidoctor-diagram/plantuml/jlatexmath-font-cyrillic-1.0.7.jar:/usr/lib/ruby/gems/2.7.0/gems/asciidoctor-diagram-plantuml-1.2021.8/lib/asciidoctor-diagram/plantuml/jlatexmath-font-greek-1.0.7.jar:/usr/lib/ruby/gems/2.7.0/gems/asciidoctor-diagram-plantuml-1.2021.8/lib/asciidoctor-diagram/plantuml/jlatexmath-1.0.7.jar:/usr/lib/ruby/gems/2.7.0/gems/asciidoctor-diagram-plantuml-1.2021.8/lib/asciidoctor-diagram/plantuml/plantuml.jar
Launcher Type: SUN_STANDARD

Environment Variables:
PATH=/usr/local/sbin:/usr/local/bin:/usr/sbin:/usr/bin:/sbin:/bin
LD_LIBRARY_PATH=/usr/lib/jvm/java-1.8-openjdk/jre/lib/amd64/server:/usr/lib/jvm/java-1.8-openjdk/jre/lib/amd64:/usr/lib/jvm/java-1.8-openjdk/jre/../lib/amd64

Signal Handlers:
SIGSEGV: [libjvm.so+0x630ace], sa_mask[0]=11111111111111111111111111111110, sa_flags=SA_RESTART|SA_SIGINFO
SIGBUS: [libjvm.so+0x630ace], sa_mask[0]=11111111111111111111111111111110, sa_flags=SA_RESTART|SA_SIGINFO
SIGFPE: [libjvm.so+0x564a59], sa_mask[0]=11111111111111111111111111111110, sa_flags=SA_RESTART|SA_SIGINFO
SIGPIPE: [libjvm.so+0x564a59], sa_mask[0]=11111111111111111111111111111110, sa_flags=SA_RESTART|SA_SIGINFO
SIGXFSZ: [libjvm.so+0x564a59], sa_mask[0]=11111111111111111111111111111110, sa_flags=SA_RESTART|SA_SIGINFO
SIGILL: [libjvm.so+0x564a59], sa_mask[0]=11111111111111111111111111111110, sa_flags=SA_RESTART|SA_SIGINFO
SIGUSR1: SIG_DFL, sa_mask[0]=00000000000000000000000000000000, sa_flags=none
SIGUSR2: [libjvm.so+0x564d63], sa_mask[0]=00000000000000000000000000000000, sa_flags=SA_RESTART|SA_SIGINFO
SIGHUP: [libjvm.so+0x566e93], sa_mask[0]=11111111111111111111111111111110, sa_flags=SA_RESTART|SA_SIGINFO
SIGINT: [libjvm.so+0x566e93], sa_mask[0]=11111111111111111111111111111110, sa_flags=SA_RESTART|SA_SIGINFO
SIGTERM: [libjvm.so+0x566e93], sa_mask[0]=11111111111111111111111111111110, sa_flags=SA_RESTART|SA_SIGINFO
SIGQUIT: [libjvm.so+0x566e93], sa_mask[0]=11111111111111111111111111111110, sa_flags=SA_RESTART|SA_SIGINFO


---------------  S Y S T E M  ---------------

OS:NAME="Alpine Linux"
ID=alpine
VERSION_ID=3.13.7
PRETTY_NAME="Alpine Linux v3.13"
HOME_URL="https://alpinelinux.org/"
BUG_REPORT_URL="https://bugs.alpinelinux.org/"

uname:Linux 5.15.49-linuxkit #1 SMP PREEMPT Tue Sep 13 07:51:32 UTC 2022 x86_64
libc:glibc 2.9 NPTL 
rlimit: STACK 8192k, CORE 0k, NPROC infinity, NOFILE 1048576, AS infinity
load average:3.53 2.61 2.21

/proc/meminfo:
MemTotal:        8039012 kB
MemFree:         5313748 kB
MemAvailable:    6412844 kB
Buffers:           40828 kB
Cached:          1508632 kB
SwapCached:            0 kB
Active:           364280 kB
Inactive:        2164612 kB
Active(anon):      79816 kB
Inactive(anon):  1232236 kB
Active(file):     284464 kB
Inactive(file):   932376 kB
Unevictable:           0 kB
Mlocked:               0 kB
SwapTotal:       1048572 kB
SwapFree:        1048572 kB
Dirty:                16 kB
Writeback:             0 kB
AnonPages:        972984 kB
Mapped:           602060 kB
Shmem:            334912 kB
KReclaimable:      51172 kB
Slab:              97128 kB
SReclaimable:      51172 kB
SUnreclaim:        45956 kB
KernelStack:       14176 kB
PageTables:        10316 kB
NFS_Unstable:          0 kB
Bounce:                0 kB
WritebackTmp:          0 kB
CommitLimit:     5068076 kB
Committed_AS:    7141800 kB
VmallocTotal:   133143592960 kB
VmallocUsed:       18636 kB
VmallocChunk:          0 kB
Percpu:             2320 kB
AnonHugePages:     32768 kB
ShmemHugePages:        0 kB
ShmemPmdMapped:        0 kB
FileHugePages:         0 kB
FilePmdMapped:         0 kB
HugePages_Total:       0
HugePages_Free:        0
HugePages_Rsvd:        0
HugePages_Surp:        0
Hugepagesize:       2048 kB
Hugetlb:               0 kB


CPU:total 4 (initial active 4) (1 cores per cpu, 1 threads per core) family 15 model 107 stepping 1, cmov, cx8, fxsr, mmx, sse, sse2, sse3, ssse3, sse4.1, sse4.2, popcnt, aes, clmul, erms, mmxext, 3dnowpref, lzcnt, tsc, bmi1

/proc/cpuinfo:
processor	: 0
BogoMIPS	: 48.00
Features	: fp asimd evtstrm aes pmull sha1 sha2 crc32 atomics fphp asimdhp cpuid asimdrdm jscvt fcma lrcpc dcpop sha3 asimddp sha512 asimdfhm dit uscat ilrcpc flagm sb paca pacg dcpodp flagm2 frint
CPU implementer	: 0x00
CPU architecture: 8
CPU variant	: 0x0
CPU part	: 0x000
CPU revision	: 0

processor	: 1
BogoMIPS	: 48.00
Features	: fp asimd evtstrm aes pmull sha1 sha2 crc32 atomics fphp asimdhp cpuid asimdrdm jscvt fcma lrcpc dcpop sha3 asimddp sha512 asimdfhm dit uscat ilrcpc flagm sb paca pacg dcpodp flagm2 frint
CPU implementer	: 0x00
CPU architecture: 8
CPU variant	: 0x0
CPU part	: 0x000
CPU revision	: 0

processor	: 2
BogoMIPS	: 48.00
Features	: fp asimd evtstrm aes pmull sha1 sha2 crc32 atomics fphp asimdhp cpuid asimdrdm jscvt fcma lrcpc dcpop sha3 asimddp sha512 asimdfhm dit uscat ilrcpc flagm sb paca pacg dcpodp flagm2 frint
CPU implementer	: 0x00
CPU architecture: 8
CPU variant	: 0x0
CPU part	: 0x000
CPU revision	: 0

processor	: 3
BogoMIPS	: 48.00
Features	: fp asimd evtstrm aes pmull sha1 sha2 crc32 atomics fphp asimdhp cpuid asimdrdm jscvt fcma lrcpc dcpop sha3 asimddp sha512 asimdfhm dit uscat ilrcpc flagm sb paca pacg dcpodp flagm2 frint
CPU implementer	: 0x00
CPU architecture: 8
CPU variant	: 0x0
CPU part	: 0x000
CPU revision	: 0



Memory: 4k page, physical 8039012k(5313748k free), swap 1048572k(1048572k free)

vm_info: OpenJDK 64-Bit Server VM (25.275-b01) for linux-amd64 JRE (1.8.0_275-b01), built on Feb 15 2021 12:42:58 by "buildozer" with gcc 10.2.1 20201203

time: Sun Nov  6 13:51:54 2022
timezone: UTC
elapsed time: 2150.428387 seconds (0d 0h 35m 50s)

